<?xml version="1.0" encoding="UTF-8"?>
<testsuite xmlns:xsi="http://www.w3.org/2001/XMLSchema-instance" xsi:noNamespaceSchemaLocation="https://maven.apache.org/surefire/maven-surefire-plugin/xsd/surefire-test-report-3.0.xsd" version="3.0" name="TestSuite" time="36.857" tests="2" errors="0" skipped="0" failures="1">
  <properties>
    <property name="gopherProxySet" value="false"/>
    <property name="awt.toolkit" value="sun.lwawt.macosx.LWCToolkit"/>
    <property name="file.encoding.pkg" value="sun.io"/>
    <property name="java.specification.version" value="1.8"/>
    <property name="sun.cpu.isalist" value=""/>
    <property name="sun.jnu.encoding" value="UTF-8"/>
    <property name="java.class.path" value="/Users/mukeshotwani/eclipse-workspace_newBatch_Sep_INeuron_2022_sep/HybridFramework/target/test-classes:/Users/mukeshotwani/eclipse-workspace_newBatch_Sep_INeuron_2022_sep/HybridFramework/target/classes:/Users/mukeshotwani/.m2/repository/org/apache/poi/poi-ooxml/5.2.2/poi-ooxml-5.2.2.jar:/Users/mukeshotwani/.m2/repository/org/apache/poi/poi-ooxml-lite/5.2.2/poi-ooxml-lite-5.2.2.jar:/Users/mukeshotwani/.m2/repository/org/apache/xmlbeans/xmlbeans/5.0.3/xmlbeans-5.0.3.jar:/Users/mukeshotwani/.m2/repository/xml-apis/xml-apis/1.4.01/xml-apis-1.4.01.jar:/Users/mukeshotwani/.m2/repository/org/apache/commons/commons-compress/1.21/commons-compress-1.21.jar:/Users/mukeshotwani/.m2/repository/commons-io/commons-io/2.11.0/commons-io-2.11.0.jar:/Users/mukeshotwani/.m2/repository/com/github/virtuald/curvesapi/1.07/curvesapi-1.07.jar:/Users/mukeshotwani/.m2/repository/org/apache/logging/log4j/log4j-api/2.17.2/log4j-api-2.17.2.jar:/Users/mukeshotwani/.m2/repository/org/apache/commons/commons-collections4/4.4/commons-collections4-4.4.jar:/Users/mukeshotwani/.m2/repository/com/aventstack/extentreports/5.0.8/extentreports-5.0.8.jar:/Users/mukeshotwani/.m2/repository/io/reactivex/rxjava3/rxjava/3.0.4/rxjava-3.0.4.jar:/Users/mukeshotwani/.m2/repository/org/reactivestreams/reactive-streams/1.0.3/reactive-streams-1.0.3.jar:/Users/mukeshotwani/.m2/repository/org/freemarker/freemarker/2.3.30/freemarker-2.3.30.jar:/Users/mukeshotwani/.m2/repository/org/projectlombok/lombok/1.18.12/lombok-1.18.12.jar:/Users/mukeshotwani/.m2/repository/com/google/code/gson/gson/2.8.6/gson-2.8.6.jar:/Users/mukeshotwani/.m2/repository/org/apache/poi/poi/5.2.2/poi-5.2.2.jar:/Users/mukeshotwani/.m2/repository/commons-codec/commons-codec/1.15/commons-codec-1.15.jar:/Users/mukeshotwani/.m2/repository/org/apache/commons/commons-math3/3.6.1/commons-math3-3.6.1.jar:/Users/mukeshotwani/.m2/repository/com/zaxxer/SparseBitSet/1.2/SparseBitSet-1.2.jar:/Users/mukeshotwani/.m2/repository/org/testng/testng/7.4.0/testng-7.4.0.jar:/Users/mukeshotwani/.m2/repository/com/beust/jcommander/1.78/jcommander-1.78.jar:/Users/mukeshotwani/.m2/repository/org/webjars/jquery/3.5.1/jquery-3.5.1.jar:/Users/mukeshotwani/.m2/repository/org/seleniumhq/selenium/selenium-java/4.8.0/selenium-java-4.8.0.jar:/Users/mukeshotwani/.m2/repository/org/seleniumhq/selenium/selenium-api/4.8.0/selenium-api-4.8.0.jar:/Users/mukeshotwani/.m2/repository/org/seleniumhq/selenium/selenium-chrome-driver/4.8.0/selenium-chrome-driver-4.8.0.jar:/Users/mukeshotwani/.m2/repository/com/google/auto/service/auto-service-annotations/1.0.1/auto-service-annotations-1.0.1.jar:/Users/mukeshotwani/.m2/repository/com/google/auto/service/auto-service/1.0.1/auto-service-1.0.1.jar:/Users/mukeshotwani/.m2/repository/com/google/auto/auto-common/1.2/auto-common-1.2.jar:/Users/mukeshotwani/.m2/repository/com/google/guava/guava/31.1-jre/guava-31.1-jre.jar:/Users/mukeshotwani/.m2/repository/com/google/guava/failureaccess/1.0.1/failureaccess-1.0.1.jar:/Users/mukeshotwani/.m2/repository/com/google/guava/listenablefuture/9999.0-empty-to-avoid-conflict-with-guava/listenablefuture-9999.0-empty-to-avoid-conflict-with-guava.jar:/Users/mukeshotwani/.m2/repository/com/google/code/findbugs/jsr305/3.0.2/jsr305-3.0.2.jar:/Users/mukeshotwani/.m2/repository/org/checkerframework/checker-qual/3.12.0/checker-qual-3.12.0.jar:/Users/mukeshotwani/.m2/repository/com/google/errorprone/error_prone_annotations/2.11.0/error_prone_annotations-2.11.0.jar:/Users/mukeshotwani/.m2/repository/com/google/j2objc/j2objc-annotations/1.3/j2objc-annotations-1.3.jar:/Users/mukeshotwani/.m2/repository/org/seleniumhq/selenium/selenium-chromium-driver/4.8.0/selenium-chromium-driver-4.8.0.jar:/Users/mukeshotwani/.m2/repository/org/seleniumhq/selenium/selenium-json/4.8.0/selenium-json-4.8.0.jar:/Users/mukeshotwani/.m2/repository/org/seleniumhq/selenium/selenium-devtools-v107/4.8.0/selenium-devtools-v107-4.8.0.jar:/Users/mukeshotwani/.m2/repository/org/seleniumhq/selenium/selenium-devtools-v108/4.8.0/selenium-devtools-v108-4.8.0.jar:/Users/mukeshotwani/.m2/repository/org/seleniumhq/selenium/selenium-devtools-v109/4.8.0/selenium-devtools-v109-4.8.0.jar:/Users/mukeshotwani/.m2/repository/org/seleniumhq/selenium/selenium-devtools-v85/4.8.0/selenium-devtools-v85-4.8.0.jar:/Users/mukeshotwani/.m2/repository/org/seleniumhq/selenium/selenium-edge-driver/4.8.0/selenium-edge-driver-4.8.0.jar:/Users/mukeshotwani/.m2/repository/org/seleniumhq/selenium/selenium-firefox-driver/4.8.0/selenium-firefox-driver-4.8.0.jar:/Users/mukeshotwani/.m2/repository/org/seleniumhq/selenium/selenium-http/4.8.0/selenium-http-4.8.0.jar:/Users/mukeshotwani/.m2/repository/dev/failsafe/failsafe/3.3.0/failsafe-3.3.0.jar:/Users/mukeshotwani/.m2/repository/org/seleniumhq/selenium/selenium-ie-driver/4.8.0/selenium-ie-driver-4.8.0.jar:/Users/mukeshotwani/.m2/repository/org/seleniumhq/selenium/selenium-remote-driver/4.8.0/selenium-remote-driver-4.8.0.jar:/Users/mukeshotwani/.m2/repository/io/netty/netty-buffer/4.1.87.Final/netty-buffer-4.1.87.Final.jar:/Users/mukeshotwani/.m2/repository/io/netty/netty-codec-http/4.1.87.Final/netty-codec-http-4.1.87.Final.jar:/Users/mukeshotwani/.m2/repository/io/netty/netty-codec/4.1.87.Final/netty-codec-4.1.87.Final.jar:/Users/mukeshotwani/.m2/repository/io/netty/netty-handler/4.1.87.Final/netty-handler-4.1.87.Final.jar:/Users/mukeshotwani/.m2/repository/io/netty/netty-common/4.1.87.Final/netty-common-4.1.87.Final.jar:/Users/mukeshotwani/.m2/repository/io/netty/netty-transport-classes-epoll/4.1.87.Final/netty-transport-classes-epoll-4.1.87.Final.jar:/Users/mukeshotwani/.m2/repository/io/netty/netty-transport-classes-kqueue/4.1.87.Final/netty-transport-classes-kqueue-4.1.87.Final.jar:/Users/mukeshotwani/.m2/repository/io/netty/netty-transport-native-epoll/4.1.87.Final/netty-transport-native-epoll-4.1.87.Final.jar:/Users/mukeshotwani/.m2/repository/io/netty/netty-transport-native-kqueue/4.1.87.Final/netty-transport-native-kqueue-4.1.87.Final.jar:/Users/mukeshotwani/.m2/repository/io/netty/netty-transport-native-unix-common/4.1.87.Final/netty-transport-native-unix-common-4.1.87.Final.jar:/Users/mukeshotwani/.m2/repository/io/netty/netty-transport/4.1.87.Final/netty-transport-4.1.87.Final.jar:/Users/mukeshotwani/.m2/repository/io/netty/netty-resolver/4.1.87.Final/netty-resolver-4.1.87.Final.jar:/Users/mukeshotwani/.m2/repository/io/opentelemetry/opentelemetry-api/1.22.0/opentelemetry-api-1.22.0.jar:/Users/mukeshotwani/.m2/repository/io/opentelemetry/opentelemetry-context/1.22.0/opentelemetry-context-1.22.0.jar:/Users/mukeshotwani/.m2/repository/io/opentelemetry/opentelemetry-exporter-logging/1.22.0/opentelemetry-exporter-logging-1.22.0.jar:/Users/mukeshotwani/.m2/repository/io/opentelemetry/opentelemetry-sdk-metrics/1.22.0/opentelemetry-sdk-metrics-1.22.0.jar:/Users/mukeshotwani/.m2/repository/io/opentelemetry/opentelemetry-sdk-logs/1.22.0-alpha/opentelemetry-sdk-logs-1.22.0-alpha.jar:/Users/mukeshotwani/.m2/repository/io/opentelemetry/opentelemetry-api-logs/1.22.0-alpha/opentelemetry-api-logs-1.22.0-alpha.jar:/Users/mukeshotwani/.m2/repository/io/opentelemetry/opentelemetry-sdk-common/1.22.0/opentelemetry-sdk-common-1.22.0.jar:/Users/mukeshotwani/.m2/repository/io/opentelemetry/opentelemetry-sdk-extension-autoconfigure-spi/1.22.0/opentelemetry-sdk-extension-autoconfigure-spi-1.22.0.jar:/Users/mukeshotwani/.m2/repository/io/opentelemetry/opentelemetry-sdk-extension-autoconfigure/1.22.0-alpha/opentelemetry-sdk-extension-autoconfigure-1.22.0-alpha.jar:/Users/mukeshotwani/.m2/repository/io/opentelemetry/opentelemetry-sdk-trace/1.22.0/opentelemetry-sdk-trace-1.22.0.jar:/Users/mukeshotwani/.m2/repository/io/opentelemetry/opentelemetry-sdk/1.22.0/opentelemetry-sdk-1.22.0.jar:/Users/mukeshotwani/.m2/repository/io/opentelemetry/opentelemetry-semconv/1.22.0-alpha/opentelemetry-semconv-1.22.0-alpha.jar:/Users/mukeshotwani/.m2/repository/io/ous/jtoml/2.0.0/jtoml-2.0.0.jar:/Users/mukeshotwani/.m2/repository/net/bytebuddy/byte-buddy/1.12.22/byte-buddy-1.12.22.jar:/Users/mukeshotwani/.m2/repository/org/apache/commons/commons-exec/1.3/commons-exec-1.3.jar:/Users/mukeshotwani/.m2/repository/org/asynchttpclient/async-http-client/2.12.3/async-http-client-2.12.3.jar:/Users/mukeshotwani/.m2/repository/org/asynchttpclient/async-http-client-netty-utils/2.12.3/async-http-client-netty-utils-2.12.3.jar:/Users/mukeshotwani/.m2/repository/io/netty/netty-codec-socks/4.1.60.Final/netty-codec-socks-4.1.60.Final.jar:/Users/mukeshotwani/.m2/repository/io/netty/netty-handler-proxy/4.1.60.Final/netty-handler-proxy-4.1.60.Final.jar:/Users/mukeshotwani/.m2/repository/io/netty/netty-transport-native-epoll/4.1.60.Final/netty-transport-native-epoll-4.1.60.Final-linux-x86_64.jar:/Users/mukeshotwani/.m2/repository/io/netty/netty-transport-native-kqueue/4.1.60.Final/netty-transport-native-kqueue-4.1.60.Final-osx-x86_64.jar:/Users/mukeshotwani/.m2/repository/com/typesafe/netty/netty-reactive-streams/2.0.4/netty-reactive-streams-2.0.4.jar:/Users/mukeshotwani/.m2/repository/org/slf4j/slf4j-api/1.7.30/slf4j-api-1.7.30.jar:/Users/mukeshotwani/.m2/repository/com/sun/activation/jakarta.activation/1.2.2/jakarta.activation-1.2.2.jar:/Users/mukeshotwani/.m2/repository/org/seleniumhq/selenium/selenium-manager/4.8.0/selenium-manager-4.8.0.jar:/Users/mukeshotwani/.m2/repository/org/seleniumhq/selenium/selenium-safari-driver/4.8.0/selenium-safari-driver-4.8.0.jar:/Users/mukeshotwani/.m2/repository/org/seleniumhq/selenium/selenium-support/4.8.0/selenium-support-4.8.0.jar:"/>
    <property name="java.vm.vendor" value="Oracle Corporation"/>
    <property name="sun.arch.data.model" value="64"/>
    <property name="java.vendor.url" value="http://java.oracle.com/"/>
    <property name="user.timezone" value="Asia/Kolkata"/>
    <property name="java.vm.specification.version" value="1.8"/>
    <property name="os.name" value="Mac OS X"/>
    <property name="user.country" value="IN"/>
    <property name="sun.java.launcher" value="SUN_STANDARD"/>
    <property name="sun.boot.library.path" value="/Library/Java/JavaVirtualMachines/jdk1.8.0_202.jdk/Contents/Home/jre/lib"/>
    <property name="sun.java.command" value="/Users/mukeshotwani/eclipse-workspace_newBatch_Sep_INeuron_2022_sep/HybridFramework/target/surefire/surefirebooter-20230218080253723_3.jar /Users/mukeshotwani/eclipse-workspace_newBatch_Sep_INeuron_2022_sep/HybridFramework/target/surefire 2023-02-18T08-02-53_064-jvmRun1 surefire-20230218080253723_1tmp surefire_0-20230218080253723_2tmp"/>
    <property name="http.nonProxyHosts" value="local|*.local|169.254/16|*.169.254/16"/>
    <property name="surefire.test.class.path" value="/Users/mukeshotwani/eclipse-workspace_newBatch_Sep_INeuron_2022_sep/HybridFramework/target/test-classes:/Users/mukeshotwani/eclipse-workspace_newBatch_Sep_INeuron_2022_sep/HybridFramework/target/classes:/Users/mukeshotwani/.m2/repository/org/apache/poi/poi-ooxml/5.2.2/poi-ooxml-5.2.2.jar:/Users/mukeshotwani/.m2/repository/org/apache/poi/poi-ooxml-lite/5.2.2/poi-ooxml-lite-5.2.2.jar:/Users/mukeshotwani/.m2/repository/org/apache/xmlbeans/xmlbeans/5.0.3/xmlbeans-5.0.3.jar:/Users/mukeshotwani/.m2/repository/xml-apis/xml-apis/1.4.01/xml-apis-1.4.01.jar:/Users/mukeshotwani/.m2/repository/org/apache/commons/commons-compress/1.21/commons-compress-1.21.jar:/Users/mukeshotwani/.m2/repository/commons-io/commons-io/2.11.0/commons-io-2.11.0.jar:/Users/mukeshotwani/.m2/repository/com/github/virtuald/curvesapi/1.07/curvesapi-1.07.jar:/Users/mukeshotwani/.m2/repository/org/apache/logging/log4j/log4j-api/2.17.2/log4j-api-2.17.2.jar:/Users/mukeshotwani/.m2/repository/org/apache/commons/commons-collections4/4.4/commons-collections4-4.4.jar:/Users/mukeshotwani/.m2/repository/com/aventstack/extentreports/5.0.8/extentreports-5.0.8.jar:/Users/mukeshotwani/.m2/repository/io/reactivex/rxjava3/rxjava/3.0.4/rxjava-3.0.4.jar:/Users/mukeshotwani/.m2/repository/org/reactivestreams/reactive-streams/1.0.3/reactive-streams-1.0.3.jar:/Users/mukeshotwani/.m2/repository/org/freemarker/freemarker/2.3.30/freemarker-2.3.30.jar:/Users/mukeshotwani/.m2/repository/org/projectlombok/lombok/1.18.12/lombok-1.18.12.jar:/Users/mukeshotwani/.m2/repository/com/google/code/gson/gson/2.8.6/gson-2.8.6.jar:/Users/mukeshotwani/.m2/repository/org/apache/poi/poi/5.2.2/poi-5.2.2.jar:/Users/mukeshotwani/.m2/repository/commons-codec/commons-codec/1.15/commons-codec-1.15.jar:/Users/mukeshotwani/.m2/repository/org/apache/commons/commons-math3/3.6.1/commons-math3-3.6.1.jar:/Users/mukeshotwani/.m2/repository/com/zaxxer/SparseBitSet/1.2/SparseBitSet-1.2.jar:/Users/mukeshotwani/.m2/repository/org/testng/testng/7.4.0/testng-7.4.0.jar:/Users/mukeshotwani/.m2/repository/com/beust/jcommander/1.78/jcommander-1.78.jar:/Users/mukeshotwani/.m2/repository/org/webjars/jquery/3.5.1/jquery-3.5.1.jar:/Users/mukeshotwani/.m2/repository/org/seleniumhq/selenium/selenium-java/4.8.0/selenium-java-4.8.0.jar:/Users/mukeshotwani/.m2/repository/org/seleniumhq/selenium/selenium-api/4.8.0/selenium-api-4.8.0.jar:/Users/mukeshotwani/.m2/repository/org/seleniumhq/selenium/selenium-chrome-driver/4.8.0/selenium-chrome-driver-4.8.0.jar:/Users/mukeshotwani/.m2/repository/com/google/auto/service/auto-service-annotations/1.0.1/auto-service-annotations-1.0.1.jar:/Users/mukeshotwani/.m2/repository/com/google/auto/service/auto-service/1.0.1/auto-service-1.0.1.jar:/Users/mukeshotwani/.m2/repository/com/google/auto/auto-common/1.2/auto-common-1.2.jar:/Users/mukeshotwani/.m2/repository/com/google/guava/guava/31.1-jre/guava-31.1-jre.jar:/Users/mukeshotwani/.m2/repository/com/google/guava/failureaccess/1.0.1/failureaccess-1.0.1.jar:/Users/mukeshotwani/.m2/repository/com/google/guava/listenablefuture/9999.0-empty-to-avoid-conflict-with-guava/listenablefuture-9999.0-empty-to-avoid-conflict-with-guava.jar:/Users/mukeshotwani/.m2/repository/com/google/code/findbugs/jsr305/3.0.2/jsr305-3.0.2.jar:/Users/mukeshotwani/.m2/repository/org/checkerframework/checker-qual/3.12.0/checker-qual-3.12.0.jar:/Users/mukeshotwani/.m2/repository/com/google/errorprone/error_prone_annotations/2.11.0/error_prone_annotations-2.11.0.jar:/Users/mukeshotwani/.m2/repository/com/google/j2objc/j2objc-annotations/1.3/j2objc-annotations-1.3.jar:/Users/mukeshotwani/.m2/repository/org/seleniumhq/selenium/selenium-chromium-driver/4.8.0/selenium-chromium-driver-4.8.0.jar:/Users/mukeshotwani/.m2/repository/org/seleniumhq/selenium/selenium-json/4.8.0/selenium-json-4.8.0.jar:/Users/mukeshotwani/.m2/repository/org/seleniumhq/selenium/selenium-devtools-v107/4.8.0/selenium-devtools-v107-4.8.0.jar:/Users/mukeshotwani/.m2/repository/org/seleniumhq/selenium/selenium-devtools-v108/4.8.0/selenium-devtools-v108-4.8.0.jar:/Users/mukeshotwani/.m2/repository/org/seleniumhq/selenium/selenium-devtools-v109/4.8.0/selenium-devtools-v109-4.8.0.jar:/Users/mukeshotwani/.m2/repository/org/seleniumhq/selenium/selenium-devtools-v85/4.8.0/selenium-devtools-v85-4.8.0.jar:/Users/mukeshotwani/.m2/repository/org/seleniumhq/selenium/selenium-edge-driver/4.8.0/selenium-edge-driver-4.8.0.jar:/Users/mukeshotwani/.m2/repository/org/seleniumhq/selenium/selenium-firefox-driver/4.8.0/selenium-firefox-driver-4.8.0.jar:/Users/mukeshotwani/.m2/repository/org/seleniumhq/selenium/selenium-http/4.8.0/selenium-http-4.8.0.jar:/Users/mukeshotwani/.m2/repository/dev/failsafe/failsafe/3.3.0/failsafe-3.3.0.jar:/Users/mukeshotwani/.m2/repository/org/seleniumhq/selenium/selenium-ie-driver/4.8.0/selenium-ie-driver-4.8.0.jar:/Users/mukeshotwani/.m2/repository/org/seleniumhq/selenium/selenium-remote-driver/4.8.0/selenium-remote-driver-4.8.0.jar:/Users/mukeshotwani/.m2/repository/io/netty/netty-buffer/4.1.87.Final/netty-buffer-4.1.87.Final.jar:/Users/mukeshotwani/.m2/repository/io/netty/netty-codec-http/4.1.87.Final/netty-codec-http-4.1.87.Final.jar:/Users/mukeshotwani/.m2/repository/io/netty/netty-codec/4.1.87.Final/netty-codec-4.1.87.Final.jar:/Users/mukeshotwani/.m2/repository/io/netty/netty-handler/4.1.87.Final/netty-handler-4.1.87.Final.jar:/Users/mukeshotwani/.m2/repository/io/netty/netty-common/4.1.87.Final/netty-common-4.1.87.Final.jar:/Users/mukeshotwani/.m2/repository/io/netty/netty-transport-classes-epoll/4.1.87.Final/netty-transport-classes-epoll-4.1.87.Final.jar:/Users/mukeshotwani/.m2/repository/io/netty/netty-transport-classes-kqueue/4.1.87.Final/netty-transport-classes-kqueue-4.1.87.Final.jar:/Users/mukeshotwani/.m2/repository/io/netty/netty-transport-native-epoll/4.1.87.Final/netty-transport-native-epoll-4.1.87.Final.jar:/Users/mukeshotwani/.m2/repository/io/netty/netty-transport-native-kqueue/4.1.87.Final/netty-transport-native-kqueue-4.1.87.Final.jar:/Users/mukeshotwani/.m2/repository/io/netty/netty-transport-native-unix-common/4.1.87.Final/netty-transport-native-unix-common-4.1.87.Final.jar:/Users/mukeshotwani/.m2/repository/io/netty/netty-transport/4.1.87.Final/netty-transport-4.1.87.Final.jar:/Users/mukeshotwani/.m2/repository/io/netty/netty-resolver/4.1.87.Final/netty-resolver-4.1.87.Final.jar:/Users/mukeshotwani/.m2/repository/io/opentelemetry/opentelemetry-api/1.22.0/opentelemetry-api-1.22.0.jar:/Users/mukeshotwani/.m2/repository/io/opentelemetry/opentelemetry-context/1.22.0/opentelemetry-context-1.22.0.jar:/Users/mukeshotwani/.m2/repository/io/opentelemetry/opentelemetry-exporter-logging/1.22.0/opentelemetry-exporter-logging-1.22.0.jar:/Users/mukeshotwani/.m2/repository/io/opentelemetry/opentelemetry-sdk-metrics/1.22.0/opentelemetry-sdk-metrics-1.22.0.jar:/Users/mukeshotwani/.m2/repository/io/opentelemetry/opentelemetry-sdk-logs/1.22.0-alpha/opentelemetry-sdk-logs-1.22.0-alpha.jar:/Users/mukeshotwani/.m2/repository/io/opentelemetry/opentelemetry-api-logs/1.22.0-alpha/opentelemetry-api-logs-1.22.0-alpha.jar:/Users/mukeshotwani/.m2/repository/io/opentelemetry/opentelemetry-sdk-common/1.22.0/opentelemetry-sdk-common-1.22.0.jar:/Users/mukeshotwani/.m2/repository/io/opentelemetry/opentelemetry-sdk-extension-autoconfigure-spi/1.22.0/opentelemetry-sdk-extension-autoconfigure-spi-1.22.0.jar:/Users/mukeshotwani/.m2/repository/io/opentelemetry/opentelemetry-sdk-extension-autoconfigure/1.22.0-alpha/opentelemetry-sdk-extension-autoconfigure-1.22.0-alpha.jar:/Users/mukeshotwani/.m2/repository/io/opentelemetry/opentelemetry-sdk-trace/1.22.0/opentelemetry-sdk-trace-1.22.0.jar:/Users/mukeshotwani/.m2/repository/io/opentelemetry/opentelemetry-sdk/1.22.0/opentelemetry-sdk-1.22.0.jar:/Users/mukeshotwani/.m2/repository/io/opentelemetry/opentelemetry-semconv/1.22.0-alpha/opentelemetry-semconv-1.22.0-alpha.jar:/Users/mukeshotwani/.m2/repository/io/ous/jtoml/2.0.0/jtoml-2.0.0.jar:/Users/mukeshotwani/.m2/repository/net/bytebuddy/byte-buddy/1.12.22/byte-buddy-1.12.22.jar:/Users/mukeshotwani/.m2/repository/org/apache/commons/commons-exec/1.3/commons-exec-1.3.jar:/Users/mukeshotwani/.m2/repository/org/asynchttpclient/async-http-client/2.12.3/async-http-client-2.12.3.jar:/Users/mukeshotwani/.m2/repository/org/asynchttpclient/async-http-client-netty-utils/2.12.3/async-http-client-netty-utils-2.12.3.jar:/Users/mukeshotwani/.m2/repository/io/netty/netty-codec-socks/4.1.60.Final/netty-codec-socks-4.1.60.Final.jar:/Users/mukeshotwani/.m2/repository/io/netty/netty-handler-proxy/4.1.60.Final/netty-handler-proxy-4.1.60.Final.jar:/Users/mukeshotwani/.m2/repository/io/netty/netty-transport-native-epoll/4.1.60.Final/netty-transport-native-epoll-4.1.60.Final-linux-x86_64.jar:/Users/mukeshotwani/.m2/repository/io/netty/netty-transport-native-kqueue/4.1.60.Final/netty-transport-native-kqueue-4.1.60.Final-osx-x86_64.jar:/Users/mukeshotwani/.m2/repository/com/typesafe/netty/netty-reactive-streams/2.0.4/netty-reactive-streams-2.0.4.jar:/Users/mukeshotwani/.m2/repository/org/slf4j/slf4j-api/1.7.30/slf4j-api-1.7.30.jar:/Users/mukeshotwani/.m2/repository/com/sun/activation/jakarta.activation/1.2.2/jakarta.activation-1.2.2.jar:/Users/mukeshotwani/.m2/repository/org/seleniumhq/selenium/selenium-manager/4.8.0/selenium-manager-4.8.0.jar:/Users/mukeshotwani/.m2/repository/org/seleniumhq/selenium/selenium-safari-driver/4.8.0/selenium-safari-driver-4.8.0.jar:/Users/mukeshotwani/.m2/repository/org/seleniumhq/selenium/selenium-support/4.8.0/selenium-support-4.8.0.jar:"/>
    <property name="sun.cpu.endian" value="little"/>
    <property name="user.home" value="/Users/mukeshotwani"/>
    <property name="user.language" value="en"/>
    <property name="java.specification.vendor" value="Oracle Corporation"/>
    <property name="java.home" value="/Library/Java/JavaVirtualMachines/jdk1.8.0_202.jdk/Contents/Home/jre"/>
    <property name="basedir" value="/Users/mukeshotwani/eclipse-workspace_newBatch_Sep_INeuron_2022_sep/HybridFramework"/>
    <property name="file.separator" value="/"/>
    <property name="line.separator" value="&#10;"/>
    <property name="java.vm.specification.vendor" value="Oracle Corporation"/>
    <property name="java.specification.name" value="Java Platform API Specification"/>
    <property name="java.awt.graphicsenv" value="sun.awt.CGraphicsEnvironment"/>
    <property name="surefire.real.class.path" value="/Users/mukeshotwani/eclipse-workspace_newBatch_Sep_INeuron_2022_sep/HybridFramework/target/surefire/surefirebooter-20230218080253723_3.jar"/>
    <property name="sun.boot.class.path" value="/Library/Java/JavaVirtualMachines/jdk1.8.0_202.jdk/Contents/Home/jre/lib/resources.jar:/Library/Java/JavaVirtualMachines/jdk1.8.0_202.jdk/Contents/Home/jre/lib/rt.jar:/Library/Java/JavaVirtualMachines/jdk1.8.0_202.jdk/Contents/Home/jre/lib/sunrsasign.jar:/Library/Java/JavaVirtualMachines/jdk1.8.0_202.jdk/Contents/Home/jre/lib/jsse.jar:/Library/Java/JavaVirtualMachines/jdk1.8.0_202.jdk/Contents/Home/jre/lib/jce.jar:/Library/Java/JavaVirtualMachines/jdk1.8.0_202.jdk/Contents/Home/jre/lib/charsets.jar:/Library/Java/JavaVirtualMachines/jdk1.8.0_202.jdk/Contents/Home/jre/lib/jfr.jar:/Library/Java/JavaVirtualMachines/jdk1.8.0_202.jdk/Contents/Home/jre/classes"/>
    <property name="sun.management.compiler" value="HotSpot 64-Bit Tiered Compilers"/>
    <property name="ftp.nonProxyHosts" value="local|*.local|169.254/16|*.169.254/16"/>
    <property name="java.runtime.version" value="1.8.0_202-b08"/>
    <property name="user.name" value="mukeshotwani"/>
    <property name="path.separator" value=":"/>
    <property name="os.version" value="10.16"/>
    <property name="java.endorsed.dirs" value="/Library/Java/JavaVirtualMachines/jdk1.8.0_202.jdk/Contents/Home/jre/lib/endorsed"/>
    <property name="java.runtime.name" value="Java(TM) SE Runtime Environment"/>
    <property name="file.encoding" value="UTF-8"/>
    <property name="java.vm.name" value="Java HotSpot(TM) 64-Bit Server VM"/>
    <property name="localRepository" value="/Users/mukeshotwani/.m2/repository"/>
    <property name="java.vendor.url.bug" value="http://bugreport.sun.com/bugreport/"/>
    <property name="java.io.tmpdir" value="/var/folders/q4/n7_h7l_j7m317c899lfyqv_h0000gn/T/"/>
    <property name="java.version" value="1.8.0_202"/>
    <property name="user.dir" value="/Users/mukeshotwani/eclipse-workspace_newBatch_Sep_INeuron_2022_sep/HybridFramework"/>
    <property name="os.arch" value="x86_64"/>
    <property name="java.vm.specification.name" value="Java Virtual Machine Specification"/>
    <property name="java.awt.printerjob" value="sun.lwawt.macosx.CPrinterJob"/>
    <property name="sun.os.patch.level" value="unknown"/>
    <property name="java.library.path" value="/Users/mukeshotwani/Library/Java/Extensions:/Library/Java/Extensions:/Network/Library/Java/Extensions:/System/Library/Java/Extensions:/usr/lib/java:."/>
    <property name="java.vm.info" value="mixed mode"/>
    <property name="java.vendor" value="Oracle Corporation"/>
    <property name="java.vm.version" value="25.202-b08"/>
    <property name="java.ext.dirs" value="/Users/mukeshotwani/Library/Java/Extensions:/Library/Java/JavaVirtualMachines/jdk1.8.0_202.jdk/Contents/Home/jre/lib/ext:/Library/Java/Extensions:/Network/Library/Java/Extensions:/System/Library/Java/Extensions:/usr/lib/java"/>
    <property name="sun.io.unicode.encoding" value="UnicodeBig"/>
    <property name="java.class.version" value="52.0"/>
    <property name="socksNonProxyHosts" value="local|*.local|169.254/16|*.169.254/16"/>
  </properties>
  <testcase name="loginToApplication[ineuron@ineuron.ai, ineuron](1)" classname="testcases.LoginTest" time="4.399">
    <system-out><![CDATA[************ Loading Data From Excel *******************
ineuron@ineuron.ai
ineuron
admin@admin.com
admin
LOG:INFO - Setting up browser
LOG:INFO - Application is up and running
]]></system-out>
    <system-err><![CDATA[ERROR StatusLogger Log4j2 could not find a logging implementation. Please add log4j-core to the classpath. Using SimpleLogger to log to the console...
SLF4J: Failed to load class "org.slf4j.impl.StaticLoggerBinder".
SLF4J: Defaulting to no-operation (NOP) logger implementation
SLF4J: See http://www.slf4j.org/codes.html#StaticLoggerBinder for further details.
Starting ChromeDriver 110.0.5481.77 (65ed616c6e8ee3fe0ad64fe83796c020644d42af-refs/branch-heads/5481@{#839}) on port 20784
Only local connections are allowed.
Please see https://chromedriver.chromium.org/security-considerations for suggestions on keeping ChromeDriver safe.
ChromeDriver was started successfully.
[1676687583.982][WARNING]: virtual void DevToolsClientImpl::AddListener(DevToolsEventListener *) subscribing a listener to the already connected DevToolsClient. Connection notification will not arrive.
Feb 18, 2023 8:03:04 AM org.openqa.selenium.devtools.CdpVersionFinder findNearestMatch
WARNING: Unable to find an exact match for CDP version 110, so returning the closest version found: 109
]]></system-err>
  </testcase>
  <testcase name="loginToApplication[admin@admin.com, admin](2)" classname="testcases.LoginTest" time="11.336">
    <failure message="no such element: Unable to locate element: {&quot;method&quot;:&quot;xpath&quot;,&quot;selector&quot;:&quot;//h4&quot;}&#10;  (Session info: chrome=110.0.5481.100)&#10;For documentation on this error, please visit: https://selenium.dev/exceptions/#no_such_element&#10;Build info: version: &apos;4.8.0&apos;, revision: &apos;267030adea&apos;&#10;System info: os.name: &apos;Mac OS X&apos;, os.arch: &apos;x86_64&apos;, os.version: &apos;10.16&apos;, java.version: &apos;1.8.0_202&apos;&#10;Driver info: org.openqa.selenium.chrome.ChromeDriver&#10;Command: [f4e6929069819c9fbf691fafccf5237d, findElement {using=xpath, value=//h4}]&#10;Capabilities {acceptInsecureCerts: false, browserName: chrome, browserVersion: 110.0.5481.100, chrome: {chromedriverVersion: 110.0.5481.77 (65ed616c6e8e..., userDataDir: /var/folders/q4/n7_h7l_j7m3...}, goog:chromeOptions: {debuggerAddress: localhost:53795}, networkConnectionEnabled: false, pageLoadStrategy: normal, platformName: MAC, proxy: Proxy(), se:cdp: ws://localhost:53795/devtoo..., se:cdpVersion: 110.0.5481.100, setWindowRect: true, strictFileInteractability: false, timeouts: {implicit: 0, pageLoad: 300000, script: 30000}, unhandledPromptBehavior: dismiss and notify, webauthn:extension:credBlob: true, webauthn:extension:largeBlob: true, webauthn:virtualAuthenticators: true}&#10;Session ID: f4e6929069819c9fbf691fafccf5237d" type="org.openqa.selenium.NoSuchElementException"><![CDATA[org.openqa.selenium.NoSuchElementException: 
no such element: Unable to locate element: {"method":"xpath","selector":"//h4"}
  (Session info: chrome=110.0.5481.100)
For documentation on this error, please visit: https://selenium.dev/exceptions/#no_such_element
Build info: version: '4.8.0', revision: '267030adea'
System info: os.name: 'Mac OS X', os.arch: 'x86_64', os.version: '10.16', java.version: '1.8.0_202'
Driver info: org.openqa.selenium.chrome.ChromeDriver
Command: [f4e6929069819c9fbf691fafccf5237d, findElement {using=xpath, value=//h4}]
Capabilities {acceptInsecureCerts: false, browserName: chrome, browserVersion: 110.0.5481.100, chrome: {chromedriverVersion: 110.0.5481.77 (65ed616c6e8e..., userDataDir: /var/folders/q4/n7_h7l_j7m3...}, goog:chromeOptions: {debuggerAddress: localhost:53795}, networkConnectionEnabled: false, pageLoadStrategy: normal, platformName: MAC, proxy: Proxy(), se:cdp: ws://localhost:53795/devtoo..., se:cdpVersion: 110.0.5481.100, setWindowRect: true, strictFileInteractability: false, timeouts: {implicit: 0, pageLoad: 300000, script: 30000}, unhandledPromptBehavior: dismiss and notify, webauthn:extension:credBlob: true, webauthn:extension:largeBlob: true, webauthn:virtualAuthenticators: true}
Session ID: f4e6929069819c9fbf691fafccf5237d
	at sun.reflect.NativeConstructorAccessorImpl.newInstance0(Native Method)
	at sun.reflect.NativeConstructorAccessorImpl.newInstance(NativeConstructorAccessorImpl.java:62)
	at sun.reflect.DelegatingConstructorAccessorImpl.newInstance(DelegatingConstructorAccessorImpl.java:45)
	at java.lang.reflect.Constructor.newInstance(Constructor.java:423)
	at org.openqa.selenium.remote.codec.w3c.W3CHttpResponseCodec.createException(W3CHttpResponseCodec.java:200)
	at org.openqa.selenium.remote.codec.w3c.W3CHttpResponseCodec.decode(W3CHttpResponseCodec.java:133)
	at org.openqa.selenium.remote.codec.w3c.W3CHttpResponseCodec.decode(W3CHttpResponseCodec.java:53)
	at org.openqa.selenium.remote.HttpCommandExecutor.execute(HttpCommandExecutor.java:184)
	at org.openqa.selenium.remote.service.DriverCommandExecutor.invokeExecute(DriverCommandExecutor.java:167)
	at org.openqa.selenium.remote.service.DriverCommandExecutor.execute(DriverCommandExecutor.java:142)
	at org.openqa.selenium.remote.RemoteWebDriver.execute(RemoteWebDriver.java:543)
	at org.openqa.selenium.remote.ElementLocation$ElementFinder$2.findElement(ElementLocation.java:162)
	at org.openqa.selenium.remote.ElementLocation.findElement(ElementLocation.java:60)
	at org.openqa.selenium.remote.RemoteWebDriver.findElement(RemoteWebDriver.java:352)
	at org.openqa.selenium.remote.RemoteWebDriver.findElement(RemoteWebDriver.java:344)
	at pages.HomePage.getWelcomeMsg(HomePage.java:26)
	at testcases.LoginTest.loginToApplication(LoginTest.java:23)
	at sun.reflect.NativeMethodAccessorImpl.invoke0(Native Method)
	at sun.reflect.NativeMethodAccessorImpl.invoke(NativeMethodAccessorImpl.java:62)
	at sun.reflect.DelegatingMethodAccessorImpl.invoke(DelegatingMethodAccessorImpl.java:43)
	at java.lang.reflect.Method.invoke(Method.java:498)
	at org.testng.internal.MethodInvocationHelper.invokeMethod(MethodInvocationHelper.java:133)
	at org.testng.internal.TestInvoker.invokeMethod(TestInvoker.java:598)
	at org.testng.internal.TestInvoker.invokeTestMethod(TestInvoker.java:173)
	at org.testng.internal.MethodRunner.runInSequence(MethodRunner.java:46)
	at org.testng.internal.TestInvoker$MethodInvocationAgent.invoke(TestInvoker.java:824)
	at org.testng.internal.TestInvoker.invokeTestMethods(TestInvoker.java:146)
	at org.testng.internal.TestMethodWorker.invokeTestMethods(TestMethodWorker.java:146)
	at org.testng.internal.TestMethodWorker.run(TestMethodWorker.java:128)
	at java.util.ArrayList.forEach(ArrayList.java:1257)
	at org.testng.TestRunner.privateRun(TestRunner.java:794)
	at org.testng.TestRunner.run(TestRunner.java:596)
	at org.testng.SuiteRunner.runTest(SuiteRunner.java:377)
	at org.testng.SuiteRunner.runSequentially(SuiteRunner.java:371)
	at org.testng.SuiteRunner.privateRun(SuiteRunner.java:332)
	at org.testng.SuiteRunner.run(SuiteRunner.java:276)
	at org.testng.SuiteRunnerWorker.runSuite(SuiteRunnerWorker.java:53)
	at org.testng.SuiteRunnerWorker.run(SuiteRunnerWorker.java:96)
	at org.testng.TestNG.runSuitesSequentially(TestNG.java:1212)
	at org.testng.TestNG.runSuitesLocally(TestNG.java:1134)
	at org.testng.TestNG.runSuites(TestNG.java:1063)
	at org.testng.TestNG.run(TestNG.java:1031)
	at org.apache.maven.surefire.testng.TestNGExecutor.run(TestNGExecutor.java:324)
	at org.apache.maven.surefire.testng.TestNGXmlTestSuite.execute(TestNGXmlTestSuite.java:74)
	at org.apache.maven.surefire.testng.TestNGProvider.invoke(TestNGProvider.java:123)
	at org.apache.maven.surefire.booter.ForkedBooter.runSuitesInProcess(ForkedBooter.java:456)
	at org.apache.maven.surefire.booter.ForkedBooter.execute(ForkedBooter.java:169)
	at org.apache.maven.surefire.booter.ForkedBooter.run(ForkedBooter.java:595)
	at org.apache.maven.surefire.booter.ForkedBooter.main(ForkedBooter.java:581)
]]></failure>
    <system-out><![CDATA[LOG:INFO - Closing the browser and application
LOG:INFO - Setting up browser
LOG:INFO - Application is up and running
]]></system-out>
    <system-err><![CDATA[Starting ChromeDriver 110.0.5481.77 (65ed616c6e8ee3fe0ad64fe83796c020644d42af-refs/branch-heads/5481@{#839}) on port 8144
Only local connections are allowed.
Please see https://chromedriver.chromium.org/security-considerations for suggestions on keeping ChromeDriver safe.
ChromeDriver was started successfully.
[1676687596.952][WARNING]: virtual void DevToolsClientImpl::AddListener(DevToolsEventListener *) subscribing a listener to the already connected DevToolsClient. Connection notification will not arrive.
Feb 18, 2023 8:03:17 AM org.openqa.selenium.devtools.CdpVersionFinder findNearestMatch
WARNING: Unable to find an exact match for CDP version 110, so returning the closest version found: 109
]]></system-err>
  </testcase>
</testsuite>